<?xml version="1.0" encoding="UTF-8"?>
<testsuite xmlns:xsi="http://www.w3.org/2001/XMLSchema-instance" xsi:noNamespaceSchemaLocation="https://maven.apache.org/surefire/maven-surefire-plugin/xsd/surefire-test-report-3.0.xsd" version="3.0" name="runner.TestRunner" time="115.851" tests="9" errors="0" skipped="0" failures="0">
  <properties>
[...]
</properties>
  <testcase name="runScenario[&quot;Verify that the search bar is displayed on the home page&quot;, &quot;Search Bar Functionality&quot;](1)" classname="runner.TestRunner" time="12.118">
    <system-out><![CDATA[
@home
Scenario: Verify that the search bar is displayed on the home page &amp#27;[90m# src/test/resources/Allcombined/A-HomeFeature/HomePage.feature:3&amp#27;[0m
Navigated to the Bookswagon homepage
  &amp#27;[32mGiven &amp#27;[0m&amp#27;[32mI am on the Bookswagon home page&amp#27;[0m                           &amp#27;[90m# stepdefinition.HomePageSteps.navigateToHomePage()&amp#27;[0m
Search bar is present on the homepage
  &amp#27;[32mWhen &amp#27;[0m&amp#27;[32mI look for the search bar&amp#27;[0m                                   &amp#27;[90m# stepdefinition.HomePageSteps.i_look_for_the_search_bar()&amp#27;[0m
Search bar is visible
Screenshot captured at: C:\Users\anjal\Java_Projects\BookswagonAutomation\Screenshots\HomePage.png
  &amp#27;[32mThen &amp#27;[0m&amp#27;[32mthe search bar should be visible&amp#27;[0m                            &amp#27;[90m# stepdefinition.HomePageSteps.the_search_bar_should_be_visible()&amp#27;[0m
]]></system-out>
    <system-err><![CDATA[[main] INFO io.github.bonigarcia.wdm.WebDriverManager - Using chromedriver 134.0.6998.88 (resolved driver for Chrome 134)
[main] INFO io.github.bonigarcia.wdm.WebDriverManager - Exporting webdriver.chrome.driver as C:\Users\anjal\.cache\selenium\chromedriver\win64\134.0.6998.88\chromedriver.exe
Mar 19, 2025 11:07:19 AM org.openqa.selenium.devtools.CdpVersionFinder findNearestMatch
WARNING: Unable to find an exact match for CDP version 134, returning the closest version; found: 133; Please update to a Selenium version that supports CDP version 134
]]></system-err>
  </testcase>
  <testcase name="runScenario[&quot;Filter search results by Price, Discount, and Language&quot;, &quot;Apply Filters on Bookswagon Search Results&quot;](2)" classname="runner.TestRunner" time="22.046">
    <system-out><![CDATA[
@search
Scenario: Filter search results by Price, Discount, and Language      &amp#27;[90m# src/test/resources/Allcombined/B-FilterFeature/searchBy.feature:15&amp#27;[0m
  &amp#27;[32mGiven &amp#27;[0m&amp#27;[32mI am on the Bookswagon search results page for &amp#27;[0m&amp#27;[32m&amp#27;[1m"Harry Potter"&amp#27;[0m &amp#27;[90m# stepdefinition.FiltersSteps.i_am_on_the_bookswagon_search_results_page_for(java.lang.String)&amp#27;[0m
Clicking on filter: Rs.500 - Rs.1000 (1220)
  &amp#27;[32mWhen &amp#27;[0m&amp#27;[32mI click on the price filter &amp#27;[0m&amp#27;[32m&amp#27;[1m"Rs.500 - Rs.1000"&amp#27;[0m                 &amp#27;[90m# stepdefinition.FiltersSteps.i_click_on_the_price_filter(java.lang.String)&amp#27;[0m
Clicking on Discount filter: 31% - 40%
  &amp#27;[32mAnd &amp#27;[0m&amp#27;[32mI click on the discount filter &amp#27;[0m&amp#27;[32m&amp#27;[1m"31% - 40%"&amp#27;[0m                      &amp#27;[90m# stepdefinition.FiltersSteps.i_click_on_the_discount_filter(java.lang.String)&amp#27;[0m
Clicking on Language filter: English
  &amp#27;[32mAnd &amp#27;[0m&amp#27;[32mI click on the language &amp#27;[0m&amp#27;[32m&amp#27;[1m"English"&amp#27;[0m                               &amp#27;[90m# stepdefinition.FiltersSteps.i_click_on_the_language(java.lang.String)&amp#27;[0m
243 results found
Screenshot captured at: C:\Users\anjal\Java_Projects\BookswagonAutomation\Screenshots\FilterPage.png
  &amp#27;[32mThen &amp#27;[0m&amp#27;[32mI should see the search results filtered&amp#27;[0m                       &amp#27;[90m# stepdefinition.FiltersSteps.i_should_see_the_search_results_filtered()&amp#27;[0m
]]></system-out>
    <system-err><![CDATA[[main] INFO io.github.bonigarcia.wdm.WebDriverManager - Using chromedriver 134.0.6998.88 (resolved driver for Chrome 134)
[main] INFO io.github.bonigarcia.wdm.WebDriverManager - Exporting webdriver.chrome.driver as C:\Users\anjal\.cache\selenium\chromedriver\win64\134.0.6998.88\chromedriver.exe
Mar 19, 2025 11:07:25 AM org.openqa.selenium.devtools.CdpVersionFinder findNearestMatch
WARNING: Unable to find an exact match for CDP version 134, returning the closest version; found: 133; Please update to a Selenium version that supports CDP version 134
]]></system-err>
  </testcase>
  <testcase name="runScenario[&quot;Filter search results by Price, Discount, and Language&quot;, &quot;Apply Filters on Bookswagon Search Results&quot;](3)" classname="runner.TestRunner" time="19.912">
    <system-out><![CDATA[
@search
Scenario: Filter search results by Price, Discount, and Language      &amp#27;[90m# src/test/resources/Allcombined/B-FilterFeature/searchBy.feature:16&amp#27;[0m
  &amp#27;[32mGiven &amp#27;[0m&amp#27;[32mI am on the Bookswagon search results page for &amp#27;[0m&amp#27;[32m&amp#27;[1m"Harry Potter"&amp#27;[0m &amp#27;[90m# stepdefinition.FiltersSteps.i_am_on_the_bookswagon_search_results_page_for(java.lang.String)&amp#27;[0m
Clicking on filter: Rs.100 - Rs.500 (391)
  &amp#27;[32mWhen &amp#27;[0m&amp#27;[32mI click on the price filter &amp#27;[0m&amp#27;[32m&amp#27;[1m"Rs.100 - Rs.500"&amp#27;[0m                  &amp#27;[90m# stepdefinition.FiltersSteps.i_click_on_the_price_filter(java.lang.String)&amp#27;[0m
Clicking on Discount filter: 41% - 50%
  &amp#27;[32mAnd &amp#27;[0m&amp#27;[32mI click on the discount filter &amp#27;[0m&amp#27;[32m&amp#27;[1m"41% - 50%"&amp#27;[0m                      &amp#27;[90m# stepdefinition.FiltersSteps.i_click_on_the_discount_filter(java.lang.String)&amp#27;[0m
  &amp#27;[32mAnd &amp#27;[0m&amp#27;[32mI click on the language &amp#27;[0m&amp#27;[32m&amp#27;[1m"Spanish"&amp#27;[0m                               &amp#27;[90m# stepdefinition.FiltersSteps.i_click_on_the_language(java.lang.String)&amp#27;[0m
6 results found
Screenshot captured at: C:\Users\anjal\Java_Projects\BookswagonAutomation\Screenshots\FilterPage.png
  &amp#27;[32mThen &amp#27;[0m&amp#27;[32mI should see the search results filtered&amp#27;[0m                       &amp#27;[90m# stepdefinition.FiltersSteps.i_should_see_the_search_results_filtered()&amp#27;[0m
]]></system-out>
    <system-err><![CDATA[[main] INFO io.github.bonigarcia.wdm.WebDriverManager - Using chromedriver 134.0.6998.88 (resolved driver for Chrome 134)
[main] INFO io.github.bonigarcia.wdm.WebDriverManager - Exporting webdriver.chrome.driver as C:\Users\anjal\.cache\selenium\chromedriver\win64\134.0.6998.88\chromedriver.exe
Mar 19, 2025 11:07:47 AM org.openqa.selenium.devtools.CdpVersionFinder findNearestMatch
WARNING: Unable to find an exact match for CDP version 134, returning the closest version; found: 133; Please update to a Selenium version that supports CDP version 134
]]></system-err>
  </testcase>
  <testcase name="runScenario[&quot;Filter search results by Price, Discount, and Language&quot;, &quot;Apply Filters on Bookswagon Search Results&quot;](4)" classname="runner.TestRunner" time="20.135">
    <system-out><![CDATA[
@search
Scenario: Filter search results by Price, Discount, and Language      &amp#27;[90m# src/test/resources/Allcombined/B-FilterFeature/searchBy.feature:17&amp#27;[0m
  &amp#27;[32mGiven &amp#27;[0m&amp#27;[32mI am on the Bookswagon search results page for &amp#27;[0m&amp#27;[32m&amp#27;[1m"Harry Potter"&amp#27;[0m &amp#27;[90m# stepdefinition.FiltersSteps.i_am_on_the_bookswagon_search_results_page_for(java.lang.String)&amp#27;[0m
Clicking on filter: Rs.1000 - Rs.2000 (1157)
  &amp#27;[32mWhen &amp#27;[0m&amp#27;[32mI click on the price filter &amp#27;[0m&amp#27;[32m&amp#27;[1m"Rs.1000 - Rs.2000"&amp#27;[0m                &amp#27;[90m# stepdefinition.FiltersSteps.i_click_on_the_price_filter(java.lang.String)&amp#27;[0m
Clicking on Discount filter: 51% - 60%
  &amp#27;[32mAnd &amp#27;[0m&amp#27;[32mI click on the discount filter &amp#27;[0m&amp#27;[32m&amp#27;[1m"51% - 60%"&amp#27;[0m                      &amp#27;[90m# stepdefinition.FiltersSteps.i_click_on_the_discount_filter(java.lang.String)&amp#27;[0m
  &amp#27;[32mAnd &amp#27;[0m&amp#27;[32mI click on the language &amp#27;[0m&amp#27;[32m&amp#27;[1m"Hindi"&amp#27;[0m                                 &amp#27;[90m# stepdefinition.FiltersSteps.i_click_on_the_language(java.lang.String)&amp#27;[0m
12 results found
Screenshot captured at: C:\Users\anjal\Java_Projects\BookswagonAutomation\Screenshots\FilterPage.png
  &amp#27;[32mThen &amp#27;[0m&amp#27;[32mI should see the search results filtered&amp#27;[0m                       &amp#27;[90m# stepdefinition.FiltersSteps.i_should_see_the_search_results_filtered()&amp#27;[0m
]]></system-out>
    <system-err><![CDATA[[main] INFO io.github.bonigarcia.wdm.WebDriverManager - Using chromedriver 134.0.6998.88 (resolved driver for Chrome 134)
[main] INFO io.github.bonigarcia.wdm.WebDriverManager - Exporting webdriver.chrome.driver as C:\Users\anjal\.cache\selenium\chromedriver\win64\134.0.6998.88\chromedriver.exe
Mar 19, 2025 11:08:07 AM org.openqa.selenium.devtools.CdpVersionFinder findNearestMatch
WARNING: Unable to find an exact match for CDP version 134, returning the closest version; found: 133; Please update to a Selenium version that supports CDP version 134
]]></system-err>
  </testcase>
  <testcase name="runScenario[&quot;Validate product details for a book and add to wishlist&quot;, &quot;Product Details Page Validation&quot;](5)" classname="runner.TestRunner" time="12.723">
    <system-out><![CDATA[
Scenario: Validate product details for a book and add to wishlist                                                                                                                                                              &amp#27;[90m# src/test/resources/Allcombined/C-ProductFeature/item.feature:6&amp#27;[0m
  &amp#27;[32mGiven &amp#27;[0m&amp#27;[32mI navigate to the login page&amp#27;[0m                                                                                                                                                                                           &amp#27;[90m# stepdefinition.ProductVerificationSteps.i_navigate_to_the_login_page()&amp#27;[0m
  &amp#27;[32mAnd &amp#27;[0m&amp#27;[32mI log in with valid credentials &amp#27;[0m&amp#27;[32m&amp#27;[1m"Adityajha9665@gmail.com"&amp#27;[0m&amp#27;[32m and &amp#27;[0m&amp#27;[32m&amp#27;[1m"Aditya@9403"&amp#27;[0m                                                                                                                                              &amp#27;[90m# stepdefinition.ProductVerificationSteps.i_log_in_with_valid_credentials_and(java.lang.String,java.lang.String)&amp#27;[0m
  &amp#27;[32mThen &amp#27;[0m&amp#27;[32mI navigate to search for &amp#27;[0m&amp#27;[32m&amp#27;[1m"Adventures Of Sherlock Holmes"&amp#27;[0m                                                                                                                                                                &amp#27;[90m# stepdefinition.ProductVerificationSteps.i_navigate_to_search_for(java.lang.String)&amp#27;[0m
The title matches
  &amp#27;[32mThen &amp#27;[0m&amp#27;[32mI should see the product title as &amp#27;[0m&amp#27;[32m&amp#27;[1m"Adventures of Sherlock Holmes: A Collection of Gripping Detective Stories Mystery Novel Classic British Literature a Must-Read Collection of Mystery and Suspense Holmes and Watson"&amp#27;[0m &amp#27;[90m# stepdefinition.ProductVerificationSteps.i_should_see_the_product_title_as(java.lang.String)&amp#27;[0m
Product Details
ISBN-13: 9788175993860
Publisher: Fingerprint! Publishing
Binding: Paperback
Language: English
Returnable: Y
Sub Title: A Collection of Gripping Detective Stories Mystery Novel Classic British Literature a Must-Read Collection of Mystery and Suspense Holmes and Watson
Width: 122 mm
ISBN-10: 8175993863
Publisher Date: 2016-09
Height: 191 mm
No of Pages: 312
Spine Width: 20 mm
Weight: 250 gr
  &amp#27;[32mAnd &amp#27;[0m&amp#27;[32mI should see the product description&amp#27;[0m                                                                                                                                                                                     &amp#27;[90m# stepdefinition.ProductVerificationSteps.i_should_see_the_product_description()&amp#27;[0m
The price matches and it is :₹207
  &amp#27;[32mAnd &amp#27;[0m&amp#27;[32mI should see the product price as &amp#27;[0m&amp#27;[32m&amp#27;[1m"₹207"&amp#27;[0m                                                                                                                                                                                 &amp#27;[90m# stepdefinition.ProductVerificationSteps.i_should_see_the_product_price_as(java.lang.String)&amp#27;[0m
The Product is Available
  &amp#27;[32mAnd &amp#27;[0m&amp#27;[32mI should see that the product is available&amp#27;[0m                                                                                                                                                                               &amp#27;[90m# stepdefinition.ProductVerificationSteps.i_should_see_that_the_product_is_available()&amp#27;[0m
Product is added to wishlist
  &amp#27;[32mAnd &amp#27;[0m&amp#27;[32mI add product to wishlist&amp#27;[0m                                                                                                                                                                                                &amp#27;[90m# stepdefinition.ProductVerificationSteps.i_add_product_to_wishlist()&amp#27;[0m
  &amp#27;[32mWhen &amp#27;[0m&amp#27;[32mI click on the &amp#27;[0m&amp#27;[32m&amp#27;[1m"Add to Wishlist"&amp#27;[0m&amp#27;[32m button&amp#27;[0m                                                                                                                                                                                 &amp#27;[90m# stepdefinition.ProductVerificationSteps.i_click_on_the_button(java.lang.String)&amp#27;[0m
The Product is Succesfully Verifed in the wishlist!!
  &amp#27;[32mThen &amp#27;[0m&amp#27;[32mthe product should be added to my wishlist&amp#27;[0m                                                                                                                                                                              &amp#27;[90m# stepdefinition.ProductVerificationSteps.the_product_should_be_added_to_my_wishlist()&amp#27;[0m
]]></system-out>
    <system-err><![CDATA[[main] INFO io.github.bonigarcia.wdm.WebDriverManager - Using geckodriver 0.36.0 (resolved driver for Firefox 136)
[main] INFO io.github.bonigarcia.wdm.WebDriverManager - Exporting webdriver.gecko.driver as C:\Users\anjal\.cache\selenium\geckodriver\win64\0.36.0\geckodriver.exe
]]></system-err>
  </testcase>
  <testcase name="runScenario[&quot;Add, update, and checkout with items in the cart&quot;, &quot;Automate Cart Functionality&quot;](6)" classname="runner.TestRunner" time="13.652">
    <system-out><![CDATA[
Scenario: Add, update, and checkout with items in the cart &amp#27;[90m# src/test/resources/Allcombined/D-CartFeature/Cart.feature:6&amp#27;[0m
  &amp#27;[32mGiven &amp#27;[0m&amp#27;[32mI am on the Bookswagon website&amp#27;[0m                     &amp#27;[90m# stepdefinition.CartSteps.i_am_on_the_bookswagon_website()&amp#27;[0m
  &amp#27;[32mWhen &amp#27;[0m&amp#27;[32mI add an item to the cart&amp#27;[0m                           &amp#27;[90m# stepdefinition.CartSteps.i_add_an_item_to_the_cart()&amp#27;[0m
Clicked the cart icon
  &amp#27;[32mAnd &amp#27;[0m&amp#27;[32mI open the cart&amp#27;[0m                                      &amp#27;[90m# stepdefinition.CartSteps.i_open_the_cart()&amp#27;[0m
  &amp#27;[32mAnd &amp#27;[0m&amp#27;[32mI update the quantity to &amp#27;[0m&amp#27;[32m&amp#27;[1m"3"&amp#27;[0m                         &amp#27;[90m# stepdefinition.CartSteps.i_update_the_quantity_to(java.lang.String)&amp#27;[0m
Removed 1 item
  &amp#27;[32mAnd &amp#27;[0m&amp#27;[32mI remove an item from the cart&amp#27;[0m                       &amp#27;[90m# stepdefinition.CartSteps.i_remove_an_item_from_the_cart()&amp#27;[0m
  &amp#27;[32mAnd &amp#27;[0m&amp#27;[32mI should proceed to checkout&amp#27;[0m                         &amp#27;[90m# stepdefinition.CartSteps.i_should_proceed_to_checkout()&amp#27;[0m
Login successful
Book Purchased
Screenshot captured at: C:\Users\anjal\Java_Projects\BookswagonAutomation\Screenshots\loginPage.png
  &amp#27;[32mThen &amp#27;[0m&amp#27;[32mI login with valid credentials for checkout&amp#27;[0m         &amp#27;[90m# stepdefinition.CartSteps.I_login_with_valid_credentials_for_checkout()&amp#27;[0m
]]></system-out>
    <system-err><![CDATA[[main] INFO io.github.bonigarcia.wdm.WebDriverManager - Using chromedriver 134.0.6998.88 (resolved driver for Chrome 134)
[main] INFO io.github.bonigarcia.wdm.WebDriverManager - Exporting webdriver.chrome.driver as C:\Users\anjal\.cache\selenium\chromedriver\win64\134.0.6998.88\chromedriver.exe
Mar 19, 2025 11:08:40 AM org.openqa.selenium.devtools.CdpVersionFinder findNearestMatch
WARNING: Unable to find an exact match for CDP version 134, returning the closest version; found: 133; Please update to a Selenium version that supports CDP version 134
]]></system-err>
  </testcase>
  <testcase name="runScenario[&quot;User tries to login with different credentials&quot;, &quot;User Login&quot;](7)" classname="runner.TestRunner" time="4.435">
    <system-out><![CDATA[
Scenario: User tries to login with different credentials                                  &amp#27;[90m# src/test/resources/Allcombined/E-UserRegistration/Registration.feature:11&amp#27;[0m
  &amp#27;[32mGiven &amp#27;[0m&amp#27;[32mI am on the login page&amp#27;[0m                                                            &amp#27;[90m# stepdefinition.UserRegistration.i_am_on_the_login_page()&amp#27;[0m
  &amp#27;[32mWhen &amp#27;[0m&amp#27;[32mI enter &amp#27;[0m&amp#27;[32m&amp#27;[1m"Test1122@gmail.com"&amp#27;[0m&amp#27;[32m and &amp#27;[0m&amp#27;[32m&amp#27;[1m"Test@123"&amp#27;[0m&amp#27;[32m in the login form&amp#27;[0m                      &amp#27;[90m# stepdefinition.UserRegistration.i_enter_and_in_the_login_form(java.lang.String,java.lang.String)&amp#27;[0m
  &amp#27;[32mAnd &amp#27;[0m&amp#27;[32mI click on the Login button&amp#27;[0m                                                         &amp#27;[90m# stepdefinition.UserRegistration.i_click_on_the_login_button()&amp#27;[0m
Invalid Credentials
Screenshot captured at: C:\Users\anjal\Java_Projects\BookswagonAutomation\Screenshots\InvalidCred.png
  &amp#27;[32mThen &amp#27;[0m&amp#27;[32mI should see a homepage address saying &amp#27;[0m&amp#27;[32m&amp#27;[1m"https://www.bookswagon.com/myaccount.aspx"&amp#27;[0m &amp#27;[90m# stepdefinition.UserRegistration.i_should_see_a_homepage_address_saying(java.lang.String)&amp#27;[0m
]]></system-out>
    <system-err><![CDATA[[main] INFO io.github.bonigarcia.wdm.WebDriverManager - Using chromedriver 134.0.6998.88 (resolved driver for Chrome 134)
[main] INFO io.github.bonigarcia.wdm.WebDriverManager - Exporting webdriver.chrome.driver as C:\Users\anjal\.cache\selenium\chromedriver\win64\134.0.6998.88\chromedriver.exe
Mar 19, 2025 11:08:53 AM org.openqa.selenium.devtools.CdpVersionFinder findNearestMatch
WARNING: Unable to find an exact match for CDP version 134, returning the closest version; found: 133; Please update to a Selenium version that supports CDP version 134
]]></system-err>
  </testcase>
  <testcase name="runScenario[&quot;User tries to login with different credentials&quot;, &quot;User Login&quot;](8)" classname="runner.TestRunner" time="5.308">
    <system-out><![CDATA[
Scenario: User tries to login with different credentials                                  &amp#27;[90m# src/test/resources/Allcombined/E-UserRegistration/Registration.feature:12&amp#27;[0m
  &amp#27;[32mGiven &amp#27;[0m&amp#27;[32mI am on the login page&amp#27;[0m                                                            &amp#27;[90m# stepdefinition.UserRegistration.i_am_on_the_login_page()&amp#27;[0m
  &amp#27;[32mWhen &amp#27;[0m&amp#27;[32mI enter &amp#27;[0m&amp#27;[32m&amp#27;[1m"Adityajha9665@gmail.com"&amp#27;[0m&amp#27;[32m and &amp#27;[0m&amp#27;[32m&amp#27;[1m"Aditya@9403"&amp#27;[0m&amp#27;[32m in the login form&amp#27;[0m              &amp#27;[90m# stepdefinition.UserRegistration.i_enter_and_in_the_login_form(java.lang.String,java.lang.String)&amp#27;[0m
  &amp#27;[32mAnd &amp#27;[0m&amp#27;[32mI click on the Login button&amp#27;[0m                                                         &amp#27;[90m# stepdefinition.UserRegistration.i_click_on_the_login_button()&amp#27;[0m
Logged in successfully!!
Screenshot captured at: C:\Users\anjal\Java_Projects\BookswagonAutomation\Screenshots\Profile.png
  &amp#27;[32mThen &amp#27;[0m&amp#27;[32mI should see a homepage address saying &amp#27;[0m&amp#27;[32m&amp#27;[1m"https://www.bookswagon.com/myaccount.aspx"&amp#27;[0m &amp#27;[90m# stepdefinition.UserRegistration.i_should_see_a_homepage_address_saying(java.lang.String)&amp#27;[0m
]]></system-out>
    <system-err><![CDATA[[main] INFO io.github.bonigarcia.wdm.WebDriverManager - Using chromedriver 134.0.6998.88 (resolved driver for Chrome 134)
[main] INFO io.github.bonigarcia.wdm.WebDriverManager - Exporting webdriver.chrome.driver as C:\Users\anjal\.cache\selenium\chromedriver\win64\134.0.6998.88\chromedriver.exe
Mar 19, 2025 11:08:58 AM org.openqa.selenium.devtools.CdpVersionFinder findNearestMatch
WARNING: Unable to find an exact match for CDP version 134, returning the closest version; found: 133; Please update to a Selenium version that supports CDP version 134
]]></system-err>
  </testcase>
  <testcase name="runScenario[&quot;User tries to login with different credentials&quot;, &quot;User Login&quot;](9)" classname="runner.TestRunner" time="4.507">
    <system-out><![CDATA[
Scenario: User tries to login with different credentials                                  &amp#27;[90m# src/test/resources/Allcombined/E-UserRegistration/Registration.feature:13&amp#27;[0m
  &amp#27;[32mGiven &amp#27;[0m&amp#27;[32mI am on the login page&amp#27;[0m                                                            &amp#27;[90m# stepdefinition.UserRegistration.i_am_on_the_login_page()&amp#27;[0m
  &amp#27;[32mWhen &amp#27;[0m&amp#27;[32mI enter &amp#27;[0m&amp#27;[32m&amp#27;[1m"unkowna83@gmail.com"&amp#27;[0m&amp#27;[32m and &amp#27;[0m&amp#27;[32m&amp#27;[1m"Test@123"&amp#27;[0m&amp#27;[32m in the login form&amp#27;[0m                     &amp#27;[90m# stepdefinition.UserRegistration.i_enter_and_in_the_login_form(java.lang.String,java.lang.String)&amp#27;[0m
  &amp#27;[32mAnd &amp#27;[0m&amp#27;[32mI click on the Login button&amp#27;[0m                                                         &amp#27;[90m# stepdefinition.UserRegistration.i_click_on_the_login_button()&amp#27;[0m
Logged in successfully!!
Screenshot captured at: C:\Users\anjal\Java_Projects\BookswagonAutomation\Screenshots\Profile.png
  &amp#27;[32mThen &amp#27;[0m&amp#27;[32mI should see a homepage address saying &amp#27;[0m&amp#27;[32m&amp#27;[1m"https://www.bookswagon.com/myaccount.aspx"&amp#27;[0m &amp#27;[90m# stepdefinition.UserRegistration.i_should_see_a_homepage_address_saying(java.lang.String)&amp#27;[0m
]]></system-out>
    <system-err><![CDATA[[main] INFO io.github.bonigarcia.wdm.WebDriverManager - Using chromedriver 134.0.6998.88 (resolved driver for Chrome 134)
[main] INFO io.github.bonigarcia.wdm.WebDriverManager - Exporting webdriver.chrome.driver as C:\Users\anjal\.cache\selenium\chromedriver\win64\134.0.6998.88\chromedriver.exe
Mar 19, 2025 11:09:03 AM org.openqa.selenium.devtools.CdpVersionFinder findNearestMatch
WARNING: Unable to find an exact match for CDP version 134, returning the closest version; found: 133; Please update to a Selenium version that supports CDP version 134
]]></system-err>
  </testcase>
</testsuite>