<?xml version="1.0" encoding="UTF-8"?>
<testng-results ignored="0" total="9" passed="9" failed="0" skipped="0">
  <reporter-output>
  </reporter-output>
  <suite started-at="2025-03-19T11:07:11 IST" name="Surefire suite" finished-at="2025-03-19T11:09:07 IST" duration-ms="115385">
    <groups>
      <group name="cucumber">
        <method signature="AbstractTestNGCucumberTests.runScenario(io.cucumber.testng.PickleWrapper,io.cucumber.testng.FeatureWrapper)[pri:0, instance:runner.TestRunner@5158b42f]" name="runScenario" class="io.cucumber.testng.AbstractTestNGCucumberTests"/>
      </group> <!-- cucumber -->
    </groups>
    <test started-at="2025-03-19T11:07:11 IST" name="Surefire test" finished-at="2025-03-19T11:09:07 IST" duration-ms="115385">
      <class name="runner.TestRunner">
        <test-method is-config="true" signature="setUpClass(org.testng.ITestContext)[pri:0, instance:runner.TestRunner@5158b42f]" started-at="2025-03-19T11:07:11 IST" name="setUpClass" finished-at="2025-03-19T11:07:12 IST" duration-ms="261" status="PASS">
          <params>
            <param index="0">
              <value>
                <![CDATA[org.testng.TestRunner@3b576ee3]]>
              </value>
            </param>
          </params>
          <reporter-output>
          </reporter-output>
        </test-method> <!-- setUpClass -->
        <test-method signature="runScenario(io.cucumber.testng.PickleWrapper,io.cucumber.testng.FeatureWrapper)[pri:0, instance:runner.TestRunner@5158b42f]" started-at="2025-03-19T11:07:12 IST" name="runScenario" description="Runs Cucumber Scenarios" data-provider="scenarios" finished-at="2025-03-19T11:07:24 IST" duration-ms="12118" status="PASS">
          <params>
            <param index="0">
              <value>
                <![CDATA["Verify that the search bar is displayed on the home page"]]>
              </value>
            </param>
            <param index="1">
              <value>
                <![CDATA["Search Bar Functionality"]]>
              </value>
            </param>
          </params>
          <reporter-output>
          </reporter-output>
        </test-method> <!-- runScenario -->
        <test-method signature="runScenario(io.cucumber.testng.PickleWrapper,io.cucumber.testng.FeatureWrapper)[pri:0, instance:runner.TestRunner@5158b42f]" started-at="2025-03-19T11:07:24 IST" name="runScenario" description="Runs Cucumber Scenarios" data-provider="scenarios" finished-at="2025-03-19T11:07:46 IST" duration-ms="22055" status="PASS">
          <params>
            <param index="0">
              <value>
                <![CDATA["Filter search results by Price, Discount, and Language"]]>
              </value>
            </param>
            <param index="1">
              <value>
                <![CDATA["Apply Filters on Bookswagon Search Results"]]>
              </value>
            </param>
          </params>
          <reporter-output>
          </reporter-output>
        </test-method> <!-- runScenario -->
        <test-method signature="runScenario(io.cucumber.testng.PickleWrapper,io.cucumber.testng.FeatureWrapper)[pri:0, instance:runner.TestRunner@5158b42f]" started-at="2025-03-19T11:07:46 IST" name="runScenario" description="Runs Cucumber Scenarios" data-provider="scenarios" finished-at="2025-03-19T11:08:06 IST" duration-ms="19912" status="PASS">
          <params>
            <param index="0">
              <value>
                <![CDATA["Filter search results by Price, Discount, and Language"]]>
              </value>
            </param>
            <param index="1">
              <value>
                <![CDATA["Apply Filters on Bookswagon Search Results"]]>
              </value>
            </param>
          </params>
          <reporter-output>
          </reporter-output>
        </test-method> <!-- runScenario -->
        <test-method signature="runScenario(io.cucumber.testng.PickleWrapper,io.cucumber.testng.FeatureWrapper)[pri:0, instance:runner.TestRunner@5158b42f]" started-at="2025-03-19T11:08:06 IST" name="runScenario" description="Runs Cucumber Scenarios" data-provider="scenarios" finished-at="2025-03-19T11:08:26 IST" duration-ms="20134" status="PASS">
          <params>
            <param index="0">
              <value>
                <![CDATA["Filter search results by Price, Discount, and Language"]]>
              </value>
            </param>
            <param index="1">
              <value>
                <![CDATA["Apply Filters on Bookswagon Search Results"]]>
              </value>
            </param>
          </params>
          <reporter-output>
          </reporter-output>
        </test-method> <!-- runScenario -->
        <test-method signature="runScenario(io.cucumber.testng.PickleWrapper,io.cucumber.testng.FeatureWrapper)[pri:0, instance:runner.TestRunner@5158b42f]" started-at="2025-03-19T11:08:26 IST" name="runScenario" description="Runs Cucumber Scenarios" data-provider="scenarios" finished-at="2025-03-19T11:08:39 IST" duration-ms="12722" status="PASS">
          <params>
            <param index="0">
              <value>
                <![CDATA["Validate product details for a book and add to wishlist"]]>
              </value>
            </param>
            <param index="1">
              <value>
                <![CDATA["Product Details Page Validation"]]>
              </value>
            </param>
          </params>
          <reporter-output>
          </reporter-output>
        </test-method> <!-- runScenario -->
        <test-method signature="runScenario(io.cucumber.testng.PickleWrapper,io.cucumber.testng.FeatureWrapper)[pri:0, instance:runner.TestRunner@5158b42f]" started-at="2025-03-19T11:08:39 IST" name="runScenario" description="Runs Cucumber Scenarios" data-provider="scenarios" finished-at="2025-03-19T11:08:52 IST" duration-ms="13653" status="PASS">
          <params>
            <param index="0">
              <value>
                <![CDATA["Add, update, and checkout with items in the cart"]]>
              </value>
            </param>
            <param index="1">
              <value>
                <![CDATA["Automate Cart Functionality"]]>
              </value>
            </param>
          </params>
          <reporter-output>
          </reporter-output>
        </test-method> <!-- runScenario -->
        <test-method signature="runScenario(io.cucumber.testng.PickleWrapper,io.cucumber.testng.FeatureWrapper)[pri:0, instance:runner.TestRunner@5158b42f]" started-at="2025-03-19T11:08:52 IST" name="runScenario" description="Runs Cucumber Scenarios" data-provider="scenarios" finished-at="2025-03-19T11:08:57 IST" duration-ms="4435" status="PASS">
          <params>
            <param index="0">
              <value>
                <![CDATA["User tries to login with different credentials"]]>
              </value>
            </param>
            <param index="1">
              <value>
                <![CDATA["User Login"]]>
              </value>
            </param>
          </params>
          <reporter-output>
          </reporter-output>
        </test-method> <!-- runScenario -->
        <test-method signature="runScenario(io.cucumber.testng.PickleWrapper,io.cucumber.testng.FeatureWrapper)[pri:0, instance:runner.TestRunner@5158b42f]" started-at="2025-03-19T11:08:57 IST" name="runScenario" description="Runs Cucumber Scenarios" data-provider="scenarios" finished-at="2025-03-19T11:09:02 IST" duration-ms="5308" status="PASS">
          <params>
            <param index="0">
              <value>
                <![CDATA["User tries to login with different credentials"]]>
              </value>
            </param>
            <param index="1">
              <value>
                <![CDATA["User Login"]]>
              </value>
            </param>
          </params>
          <reporter-output>
          </reporter-output>
        </test-method> <!-- runScenario -->
        <test-method signature="runScenario(io.cucumber.testng.PickleWrapper,io.cucumber.testng.FeatureWrapper)[pri:0, instance:runner.TestRunner@5158b42f]" started-at="2025-03-19T11:09:02 IST" name="runScenario" description="Runs Cucumber Scenarios" data-provider="scenarios" finished-at="2025-03-19T11:09:07 IST" duration-ms="4508" status="PASS">
          <params>
            <param index="0">
              <value>
                <![CDATA["User tries to login with different credentials"]]>
              </value>
            </param>
            <param index="1">
              <value>
                <![CDATA["User Login"]]>
              </value>
            </param>
          </params>
          <reporter-output>
          </reporter-output>
        </test-method> <!-- runScenario -->
        <test-method is-config="true" signature="tearDownClass()[pri:0, instance:runner.TestRunner@5158b42f]" started-at="2025-03-19T11:09:07 IST" name="tearDownClass" finished-at="2025-03-19T11:09:07 IST" duration-ms="240" status="PASS">
          <reporter-output>
          </reporter-output>
        </test-method> <!-- tearDownClass -->
      </class> <!-- runner.TestRunner -->
    </test> <!-- Surefire test -->
  </suite> <!-- Surefire suite -->
</testng-results>
